INFO     Running translator.
INFO     translator stdin: None
INFO     translator time limit: 299.92s
INFO     translator memory limit: 3584 MB
INFO     translator command line string: /mnt/c/Users/yutat/workspace/downward-projects/downward/experiments/cg-vs-ff-8puzzle/.venv/bin/python /mnt/c/Users/yutat/workspace/downward-projects/downward/experiments/cg-vs-ff-8puzzle/data/2020-12-15-A-cg-vs-ff-8puzzle/code-3a27ea77f_e5e41175/builds/release/bin/translate/translate.py domain.pddl problem.pddl --sas-file output.sas
Parsing...
Parsing: [0.000s CPU, 0.006s wall-clock]
Normalizing task... [0.000s CPU, 0.000s wall-clock]
Instantiating...
Generating Datalog program... [0.000s CPU, 0.000s wall-clock]
Normalizing Datalog program...
Normalizing Datalog program: [0.020s CPU, 0.046s wall-clock]
Preparing model... [0.000s CPU, 0.001s wall-clock]
Generated 49 rules.
Computing model... [0.010s CPU, 0.007s wall-clock]
324 relevant atoms
494 auxiliary atoms
818 final queue length
1130 total queue pushes
Completing instantiation... [0.000s CPU, 0.007s wall-clock]
Instantiating: [0.030s CPU, 0.062s wall-clock]
Computing fact groups...
Finding invariants...
7 initial candidates
Finding invariants: [0.010s CPU, 0.003s wall-clock]
Checking invariant weight... [0.000s CPU, 0.000s wall-clock]
Instantiating groups... [0.000s CPU, 0.000s wall-clock]
Collecting mutex groups... [0.000s CPU, 0.000s wall-clock]
Choosing groups...
0 uncovered facts
Choosing groups: [0.000s CPU, 0.000s wall-clock]
Building translation key... [0.000s CPU, 0.000s wall-clock]
Computing fact groups: [0.010s CPU, 0.004s wall-clock]
Building STRIPS to SAS dictionary... [0.000s CPU, 0.000s wall-clock]
Building dictionary for full mutex groups... [0.000s CPU, 0.000s wall-clock]
Building mutex information...
Building mutex information: [0.000s CPU, 0.000s wall-clock]
Translating task...
Processing axioms...
Simplifying axioms... [0.000s CPU, 0.000s wall-clock]
Translator axioms removed by simplifying: 0
Computing negative axioms... [0.000s CPU, 0.000s wall-clock]
Processing axioms: [0.000s CPU, 0.000s wall-clock]
Translating task: [0.000s CPU, 0.005s wall-clock]
0 effect conditions simplified
0 implied preconditions added
Detecting unreachable propositions...
0 operators removed
0 axioms removed
9 propositions removed
Detecting unreachable propositions: [0.010s CPU, 0.003s wall-clock]
Reordering and filtering variables...
9 of 9 variables necessary.
0 of 9 mutex groups necessary.
192 of 192 operators necessary.
0 of 0 axiom rules necessary.
Reordering and filtering variables: [0.000s CPU, 0.001s wall-clock]
Translator variables: 9
Translator derived variables: 0
Translator facts: 81
Translator goal facts: 8
Translator mutex groups: 0
Translator total mutex groups size: 0
Translator operators: 192
Translator axioms: 0
Translator task size: 1058
Translator peak memory: 49604 KB
Writing output... [0.000s CPU, 0.011s wall-clock]
Done! [0.050s CPU, 0.094s wall-clock]
translate exit code: 0

INFO     Running search (release).
INFO     search stdin: output.sas
INFO     search time limit: 299.7s
INFO     search memory limit: 3584 MB
INFO     search command line string: /mnt/c/Users/yutat/workspace/downward-projects/downward/experiments/cg-vs-ff-8puzzle/data/2020-12-15-A-cg-vs-ff-8puzzle/code-3a27ea77f_e5e41175/builds/release/bin/downward --search 'eager_greedy([ff(transform=adapt_costs(one))])' --internal-plan-file sas_plan < output.sas
[t=0.000390092s, 22020 KB] reading input...
[t=0.00128111s, 22152 KB] done reading input!
[t=0.00228233s, 22416 KB] Simplifying 384 unary operators... done! [384 unary operators]
[t=0.00247129s, 22416 KB] time to simplify: 0.00021858s
[t=0.00253641s, 22416 KB] Initializing additive heuristic...
[t=0.0025727s, 22416 KB] Initializing FF heuristic...
[t=0.00263677s, 22416 KB] Building successor generator...done!
[t=0.00279889s, 22548 KB] peak memory difference for successor generator creation: 132 KB
[t=0.00282766s, 22548 KB] time for successor generation creation: 7.112e-05s
[t=0.00286614s, 22548 KB] Variables: 9
[t=0.00289935s, 22548 KB] FactPairs: 81
[t=0.00293337s, 22548 KB] Bytes per state: 8
[t=0.00300355s, 22548 KB] Conducting best first search without reopening closed nodes, (real) bound = 2147483647
[t=0.00307691s, 22548 KB] New best heuristic value for ff(transform = adapt_costs(one)): 26
[t=0.0031121s, 22548 KB] g=0, 1 evaluated, 0 expanded
[t=0.00314881s, 22548 KB] Initial heuristic value for ff(transform = adapt_costs(one)): 26
[t=0.0031825s, 22548 KB] pruning method: none
[t=0.00339318s, 22548 KB] New best heuristic value for ff(transform = adapt_costs(one)): 24
[t=0.00342792s, 22548 KB] g=6, 22 evaluated, 12 expanded
[t=0.00348268s, 22548 KB] New best heuristic value for ff(transform = adapt_costs(one)): 23
[t=0.00351651s, 22548 KB] g=7, 24 evaluated, 13 expanded
[t=0.00356281s, 22548 KB] New best heuristic value for ff(transform = adapt_costs(one)): 21
[t=0.00360615s, 22548 KB] g=8, 25 evaluated, 14 expanded
[t=0.00367357s, 22548 KB] New best heuristic value for ff(transform = adapt_costs(one)): 20
[t=0.00373848s, 22548 KB] g=10, 29 evaluated, 16 expanded
[t=0.00383947s, 22548 KB] New best heuristic value for ff(transform = adapt_costs(one)): 19
[t=0.00388418s, 22548 KB] g=12, 34 evaluated, 18 expanded
[t=0.00395462s, 22548 KB] New best heuristic value for ff(transform = adapt_costs(one)): 17
[t=0.00399852s, 22548 KB] g=14, 36 evaluated, 20 expanded
[t=0.004099s, 22548 KB] New best heuristic value for ff(transform = adapt_costs(one)): 16
[t=0.00414055s, 22548 KB] g=17, 41 evaluated, 23 expanded
[t=0.00422977s, 22548 KB] New best heuristic value for ff(transform = adapt_costs(one)): 15
[t=0.00427269s, 22548 KB] g=17, 45 evaluated, 26 expanded
[t=0.00440424s, 22548 KB] New best heuristic value for ff(transform = adapt_costs(one)): 14
[t=0.00444862s, 22548 KB] g=19, 53 evaluated, 30 expanded
[t=0.00450591s, 22548 KB] New best heuristic value for ff(transform = adapt_costs(one)): 13
[t=0.00455028s, 22548 KB] g=20, 54 evaluated, 31 expanded
[t=0.00470602s, 22548 KB] New best heuristic value for ff(transform = adapt_costs(one)): 12
[t=0.00475239s, 22548 KB] g=26, 64 evaluated, 38 expanded
[t=0.00484033s, 22548 KB] New best heuristic value for ff(transform = adapt_costs(one)): 11
[t=0.00487572s, 22548 KB] g=27, 66 evaluated, 39 expanded
[t=0.00503542s, 22548 KB] New best heuristic value for ff(transform = adapt_costs(one)): 10
[t=0.00507044s, 22548 KB] g=32, 84 evaluated, 48 expanded
[t=0.005566s, 22548 KB] New best heuristic value for ff(transform = adapt_costs(one)): 9
[t=0.00560783s, 22548 KB] g=39, 152 evaluated, 90 expanded
[t=0.00570925s, 22548 KB] New best heuristic value for ff(transform = adapt_costs(one)): 7
[t=0.00574592s, 22548 KB] g=42, 160 evaluated, 94 expanded
[t=0.00584689s, 22548 KB] New best heuristic value for ff(transform = adapt_costs(one)): 6
[t=0.00587668s, 22548 KB] g=46, 172 evaluated, 100 expanded
[t=0.00684409s, 22548 KB] New best heuristic value for ff(transform = adapt_costs(one)): 5
[t=0.00688738s, 22548 KB] g=55, 311 evaluated, 188 expanded
[t=0.00873212s, 22548 KB] New best heuristic value for ff(transform = adapt_costs(one)): 4
[t=0.00877825s, 22548 KB] g=81, 584 evaluated, 343 expanded
[t=0.00882748s, 22548 KB] New best heuristic value for ff(transform = adapt_costs(one)): 2
[t=0.00886562s, 22548 KB] g=83, 588 evaluated, 345 expanded
[t=0.00891855s, 22548 KB] New best heuristic value for ff(transform = adapt_costs(one)): 1
[t=0.00895521s, 22548 KB] g=84, 590 evaluated, 346 expanded
[t=0.00901244s, 22548 KB] New best heuristic value for ff(transform = adapt_costs(one)): 0
[t=0.00904903s, 22548 KB] g=85, 592 evaluated, 347 expanded
[t=0.00908719s, 22548 KB] Solution found!
[t=0.00910926s, 22548 KB] Actual search time: 0.00590426s
move-down t3 x1 y2 y1 (1)
move-down t6 x1 y3 y2 (1)
move-right t7 x2 y3 x1 (1)
move-right t8 x3 y3 x2 (1)
move-up t5 x3 y2 y3 (1)
move-up t2 x3 y1 y2 (1)
move-left t1 x2 y1 x3 (1)
move-left t3 x1 y1 x2 (1)
move-down t6 x1 y2 y1 (1)
move-right t4 x2 y2 x1 (1)
move-down t8 x2 y3 y2 (1)
move-right t5 x3 y3 x2 (1)
move-up t2 x3 y2 y3 (1)
move-up t1 x3 y1 y2 (1)
move-left t3 x2 y1 x3 (1)
move-down t8 x2 y2 y1 (1)
move-left t4 x1 y2 x2 (1)
move-down t7 x1 y3 y2 (1)
move-right t5 x2 y3 x1 (1)
move-right t2 x3 y3 x2 (1)
move-up t1 x3 y2 y3 (1)
move-up t3 x3 y1 y2 (1)
move-left t8 x2 y1 x3 (1)
move-left t6 x1 y1 x2 (1)
move-down t7 x1 y2 y1 (1)
move-down t5 x1 y3 y2 (1)
move-right t2 x2 y3 x1 (1)
move-right t1 x3 y3 x2 (1)
move-up t3 x3 y2 y3 (1)
move-up t8 x3 y1 y2 (1)
move-left t6 x2 y1 x3 (1)
move-down t4 x2 y2 y1 (1)
move-right t8 x3 y2 x2 (1)
move-up t6 x3 y1 y2 (1)
move-left t4 x2 y1 x3 (1)
move-down t8 x2 y2 y1 (1)
move-left t5 x1 y2 x2 (1)
move-up t7 x1 y1 y2 (1)
move-right t8 x2 y1 x1 (1)
move-right t4 x3 y1 x2 (1)
move-down t6 x3 y2 y1 (1)
move-left t5 x2 y2 x3 (1)
move-down t1 x2 y3 y2 (1)
move-right t3 x3 y3 x2 (1)
move-up t5 x3 y2 y3 (1)
move-left t1 x2 y2 x3 (1)
move-up t4 x2 y1 y2 (1)
move-right t6 x3 y1 x2 (1)
move-down t1 x3 y2 y1 (1)
move-down t5 x3 y3 y2 (1)
move-left t3 x2 y3 x3 (1)
move-up t4 x2 y2 y3 (1)
move-right t5 x3 y2 x2 (1)
move-up t1 x3 y1 y2 (1)
move-left t6 x2 y1 x3 (1)
move-left t8 x1 y1 x2 (1)
move-down t7 x1 y2 y1 (1)
move-right t5 x2 y2 x1 (1)
move-down t4 x2 y3 y2 (1)
move-left t2 x1 y3 x2 (1)
move-up t5 x1 y2 y3 (1)
move-up t7 x1 y1 y2 (1)
move-right t8 x2 y1 x1 (1)
move-down t4 x2 y2 y1 (1)
move-left t7 x1 y2 x2 (1)
move-down t5 x1 y3 y2 (1)
move-right t2 x2 y3 x1 (1)
move-up t7 x2 y2 y3 (1)
move-left t5 x1 y2 x2 (1)
move-down t2 x1 y3 y2 (1)
move-right t7 x2 y3 x1 (1)
move-up t5 x2 y2 y3 (1)
move-up t4 x2 y1 y2 (1)
move-left t8 x1 y1 x2 (1)
move-down t2 x1 y2 y1 (1)
move-down t7 x1 y3 y2 (1)
move-right t5 x2 y3 x1 (1)
move-up t4 x2 y2 y3 (1)
move-left t7 x1 y2 x2 (1)
move-up t2 x1 y1 y2 (1)
move-right t8 x2 y1 x1 (1)
move-down t7 x2 y2 y1 (1)
move-down t4 x2 y3 y2 (1)
move-left t5 x1 y3 x2 (1)
move-up t2 x1 y2 y3 (1)
[t=0.00913963s, 22548 KB] Plan length: 85 step(s).
[t=0.00913963s, 22548 KB] Plan cost: 85
[t=0.00913963s, 22548 KB] Expanded 348 state(s).
[t=0.00913963s, 22548 KB] Reopened 0 state(s).
[t=0.00913963s, 22548 KB] Evaluated 592 state(s).
[t=0.00913963s, 22548 KB] Evaluations: 592
[t=0.00913963s, 22548 KB] Generated 963 state(s).
[t=0.00913963s, 22548 KB] Dead ends: 0 state(s).
[t=0.00913963s, 22548 KB] Number of registered states: 592
[t=0.00913963s, 22548 KB] Int hash set load factor: 592/1024 = 0.578125
[t=0.00913963s, 22548 KB] Int hash set resizes: 10
[t=0.00913963s, 22548 KB] Search time: 0.00613622s
[t=0.00913963s, 22548 KB] Total time: 0.00913963s
Solution found.
Peak memory: 22548 KB
Remove intermediate file output.sas
search exit code: 0

INFO     Running validate.
INFO     validate stdin: None
INFO     validate time limit: None
INFO     validate memory limit: None
INFO     validate command line string: validate domain.pddl problem.pddl sas_plan
Checking plan: sas_plan
Plan executed successfully - checking goal
Plan valid
Final value: 85 

Successful plans:
Value: 85
 sas_plan 85 

validate exit code: 0

